<?xml version="1.0" encoding="UTF-8"?>
<!-- Generated by org.testng.reporters.JUnitReportReporter -->
<testsuite hostname="Cnu" name="com.GoogleSearch.Google_Search_Testing" tests="1" failures="0" timestamp="22 Oct 2018 17:05:12 GMT" time="4.024" errors="0">
  <testcase name="search" time="4.024" classname="com.GoogleSearch.Google_Search_Testing"/>
</testsuite> <!-- com.GoogleSearch.Google_Search_Testing -->
